Arguments: 
  C:\Program Files (x86)\nodejs\node.exe C:\Program Files (x86)\Yarn\bin\yarn.js add self-published

PATH: 
  C:\home\bin;C:\Program Files\Git\mingw64\bin;C:\Program Files\Git\usr\local\bin;C:\Program Files\Git\usr\bin;C:\Program Files\Git\usr\bin;C:\Program Files\Git\mingw64\bin;C:\Program Files\Git\usr\bin;C:\home\bin;C:\Program Files (x86)\Common Files\Oracle\Java\javapath;C:\ProgramData\Oracle\Java\javapath;C:\Program Files (x86)\Intel\iCLS Client;C:\Program Files\Intel\iCLS Client;C:\WINDOWS\system32;C:\WINDOWS;C:\WINDOWS\System32\Wbem;C:\WINDOWS\System32\WindowsPowerShell\v1.0;C:\Program Files (x86)\Intel\Intel(R) Management Engine Components\DAL;C:\Program Files\Intel\Intel(R) Management Engine Components\DAL;C:\Program Files (x86)\Intel\Intel(R) Management Engine Components\IPT;C:\Program Files\Intel\Intel(R) Management Engine Components\IPT;C:\Program Files\Intel\WiFi\bin;C:\Program Files\Common Files\Intel\WirelessCommon;C:\Program Files\leJOS EV3\bin;C:\WINDOWS\System32\OpenSSH;C:\Program Files\Git\cmd;C:\Program Files (x86)\Yarn\bin;C:\Program Files\Docker\Docker\resources\bin;C:\ProgramData\DockerDesktop\version-bin;C:\Program Files\Amazon\AWSCLIV2;C:\Program Files\Amazon\AWSSAMCLI\bin;C:\Program Files (x86)\nodejs;C:\Users\太田遥人\AppData\Local\Programs\Python\Python37-32\Scripts;C:\Users\太田遥人\AppData\Local\Programs\Python\Python37-32;C:\Users\太田遥人\AppData\Local\Microsoft\WindowsApps;C:\Users\太田遥人\AppData\Local\Programs\Microsoft VS Code\bin;C:\Users\太田遥人\AppData\Local\Yarn\bin;C:\Program Files (x86)\CaboCha\bin;C:\Program Files (x86)\MeCab\bin;C:\Users\太田遥人\AppData\Local\Programs\Python\Python37-32;C:\Users\太田遥人\AppData\Local\Programs\Python\Python37-32\Scripts;C:\Program Files (x86)\GnuWin32\bin;C:\texlive\2019\bin\win32;C:\MinGW\bin;C:\src\flutter\bin;%ANDROID_SDK_HOME%\tools;%ANDROID_SDK_HOME%\tools\bin;%ANDROID_SDK_HOME%\platform-tools;C:\Users\太田遥人\AppData\Roaming\npm;C:\Program Files\Git\usr\bin\vendor_perl;C:\Program Files\Git\usr\bin\core_perl;C;C:\Program Files (x86)\nkfwin\vc2005\win32(98,Me,NT,2000,XP,Vista,7)Windows-31J

Yarn version: 
  1.16.0

Node version: 
  14.17.4

Platform: 
  win32 ia32

Trace: 
  Error: https://registry.yarnpkg.com/self-published: Not found
      at Request.params.callback [as _callback] (C:\Program Files (x86)\Yarn\lib\cli.js:65200:18)
      at Request.self.callback (C:\Program Files (x86)\Yarn\lib\cli.js:129590:22)
      at Request.emit (events.js:400:28)
      at Request.<anonymous> (C:\Program Files (x86)\Yarn\lib\cli.js:130562:10)
      at Request.emit (events.js:400:28)
      at IncomingMessage.<anonymous> (C:\Program Files (x86)\Yarn\lib\cli.js:130484:12)
      at Object.onceWrapper (events.js:519:28)
      at IncomingMessage.emit (events.js:412:35)
      at endReadableNT (internal/streams/readable.js:1317:12)
      at processTicksAndRejections (internal/process/task_queues.js:82:21)

npm manifest: 
  {
    "name": "sho-search-interface",
    "version": "1.0.0",
    "main": "src/index.js",
    "repository": "git@github.com:ohtapan/sho-search-interface.git",
    "author": "ohtapan <ohtapan@gmail.com>",
    "license": "MIT",
    "scripts": {
      "build": "parcel build src/index.html",
      "start": "parcel serve src/index.html"
    },
    "dependencies": {
      "hyperapp": "^2.0.18"
    }
  }

yarn manifest: 
  No manifest

Lockfile: 
  # THIS IS AN AUTOGENERATED FILE. DO NOT EDIT THIS FILE DIRECTLY.
  # yarn lockfile v1
  
  
  hyperapp@^2.0.18:
    version "2.0.18"
    resolved "https://registry.yarnpkg.com/hyperapp/-/hyperapp-2.0.18.tgz#dd709627a11d755b62710fa539fd860e20074735"
    integrity sha512-i9NoQtmg9vFy5iQVDlpWRahnJsMn8eb1WrkDXUkytHzxx7IfOdICU6UaZP6fv2FVXPnQSVxxpUo8HT8d5L+ktw==
